<html>
<head>
<title>TestNG:  Default test</title>
<link href="../testng.css" rel="stylesheet" type="text/css" />
<link href="../my-testng.css" rel="stylesheet" type="text/css" />

<style type="text/css">
.log { display: none;} 
.stack-trace { display: none;} 
</style>
<script type="text/javascript">
<!--
function flip(e) {
  current = e.style.display;
  if (current == 'block') {
    e.style.display = 'none';
    return 0;
  }
  else {
    e.style.display = 'block';
    return 1;
  }
}

function toggleBox(szDivId, elem, msg1, msg2)
{
  var res = -1;  if (document.getElementById) {
    res = flip(document.getElementById(szDivId));
  }
  else if (document.all) {
    // this is the way old msie versions work
    res = flip(document.all[szDivId]);
  }
  if(elem) {
    if(res == 0) elem.innerHTML = msg1; else elem.innerHTML = msg2;
  }

}

function toggleAllBoxes() {
  if (document.getElementsByTagName) {
    d = document.getElementsByTagName('div');
    for (i = 0; i < d.length; i++) {
      if (d[i].className == 'log') {
        flip(d[i]);
      }
    }
  }
}

// -->
</script>

</head>
<body>
<h2 align='center'>Default test</h2><table border='1' align="center">
<tr>
<td>Tests passed/Failed/Skipped:</td><td>18/2/0</td>
</tr><tr>
<td>Started on:</td><td>Tue Jul 22 23:05:31 IST 2025</td>
</tr>
<tr><td>Total time:</td><td>938 seconds (938673 ms)</td>
</tr><tr>
<td>Included groups:</td><td></td>
</tr><tr>
<td>Excluded groups:</td><td></td>
</tr>
</table><p/>
<small><i>(Hover the method name to see the test class name)</i></small><p/>
<table width='100%' border='1' class='invocation-failed'>
<tr><td colspan='4' align='center'><b>FAILED TESTS</b></td></tr>
<tr><td><b>Test method</b></td>
<td width="30%"><b>Exception</b></td>
<td width="10%"><b>Time (seconds)</b></td>
<td><b>Instance</b></td>
</tr>
<tr>
<td title='Frame_Building_Blocks.AmazonTestMenu$ClickOnElemenetUsingDataProviderAnnotation.checkSignInXpaths()'><b>checkSignInXpaths</b><br>Test class: Frame_Building_Blocks.AmazonTestMenu$ClickOnElemenetUsingDataProviderAnnotation<br>Parameters: New customer? Start here.</td>
<td><div><pre>org.openqa.selenium.NoSuchElementException: no such element: Unable to locate element: {&quot;method&quot;:&quot;xpath&quot;,&quot;selector&quot;:&quot;//div[@id=&apos;nav-al-container&apos;]//span[text()=&apos;New customer? Start here.&apos;]&quot;}
  (Session info: chrome=138.0.7204.158)
For documentation on this error, please visit: https://www.selenium.dev/documentation/webdriver/troubleshooting/errors#no-such-element-exception
Build info: version: &apos;4.16.1&apos;, revision: &apos;9b4c83354e&apos;
System info: os.name: &apos;Windows 10&apos;, os.arch: &apos;amd64&apos;, os.version: &apos;10.0&apos;, java.version: &apos;20.0.2&apos;
Driver info: org.openqa.selenium.chrome.ChromeDriver
Command: [b9f8fe26a3c22f9731fbd614b3cb7be7, findElement {using=xpath, value=//div[@id=&apos;nav-al-container&apos;]//span[text()=&apos;New customer? Start here.&apos;]}]
Capabilities {acceptInsecureCerts: false, browserName: chrome, browserVersion: 138.0.7204.158, chrome: {chromedriverVersion: 138.0.7204.157 (e533e98b126..., userDataDir: C:\Users\HP\AppData\Local\T...}, fedcm:accounts: true, goog:chromeOptions: {debuggerAddress: localhost:50702}, networkConnectionEnabled: false, pageLoadStrategy: normal, platformName: windows, proxy: Proxy(), se:cdp: ws://localhost:50702/devtoo..., se:cdpVersion: 138.0.7204.158, setWindowRect: true, strictFileInteractability: false, timeouts: {implicit: 0, pageLoad: 300000, script: 30000}, unhandledPromptBehavior: dismiss and notify, webauthn:extension:credBlob: true, webauthn:extension:largeBlob: true, webauthn:extension:minPinLength: true, webauthn:extension:prf: true, webauthn:virtualAuthenticators: true}
Session ID: b9f8fe26a3c22f9731fbd614b3cb7be7
	at java.base/jdk.internal.reflect.DirectConstructorHandleAccessor.newInstance(DirectConstructorHandleAccessor.java:67)
	at java.base/java.lang.reflect.Constructor.newInstanceWithCaller(Constructor.java:500)
	at java.base/java.lang.reflect.Constructor.newInstance(Constructor.java:484)
	at org.openqa.selenium.remote.codec.w3c.W3CHttpResponseCodec.createException(W3CHttpResponseCodec.java:200)
	at org.openqa.selenium.remote.codec.w3c.W3CHttpResponseCodec.decode(W3CHttpResponseCodec.java:133)
	at org.openqa.selenium.remote.codec.w3c.W3CHttpResponseCodec.decode(W3CHttpResponseCodec.java:52)
	at org.openqa.selenium.remote.HttpCommandExecutor.execute(HttpCommandExecutor.java:191)
	at org.openqa.selenium.remote.service.DriverCommandExecutor.invokeExecute(DriverCommandExecutor.java:200)
	at org.openqa.selenium.remote.service.DriverCommandExecutor.execute(DriverCommandExecutor.java:175)
	at org.openqa.selenium.remote.RemoteWebDriver.execute(RemoteWebDriver.java:523)
	at org.openqa.selenium.remote.ElementLocation$ElementFinder$2.findElement(ElementLocation.java:165)
	at org.openqa.selenium.remote.ElementLocation.findElement(ElementLocation.java:59)
	at org.openqa.selenium.remote.RemoteWebDriver.findElement(RemoteWebDriver.java:360)
	at org.openqa.selenium.remote.RemoteWebDriver.findElement(RemoteWebDriver.java:354)
	at Frame_Building_Blocks.AmazonTestMenu$ClickOnElemenetUsingDataProviderAnnotation.checkSignInXpaths(AmazonTestMenu.java:29)
	at java.base/jdk.internal.reflect.DirectMethodHandleAccessor.invoke(DirectMethodHandleAccessor.java:104)
	at java.base/java.lang.reflect.Method.invoke(Method.java:578)
	at org.testng.internal.invokers.MethodInvocationHelper.invokeMethod(MethodInvocationHelper.java:135)
	at org.testng.internal.invokers.TestInvoker.invokeMethod(TestInvoker.java:673)
	at org.testng.internal.invokers.TestInvoker.invokeTestMethod(TestInvoker.java:220)
	at org.testng.internal.invokers.MethodRunner.runInSequence(MethodRunner.java:50)
	at org.testng.internal.invokers.TestInvoker$MethodInvocationAgent.invoke(TestInvoker.java:945)
	at org.testng.internal.invokers.TestInvoker.invokeTestMethods(TestInvoker.java:193)
	at org.testng.internal.invokers.TestMethodWorker.invokeTestMethods(TestMethodWorker.java:146)
	at org.testng.internal.invokers.TestMethodWorker.run(TestMethodWorker.java:128)
	at java.base/java.util.ArrayList.forEach(ArrayList.java:1511)
	at org.testng.TestRunner.privateRun(TestRunner.java:808)
	at org.testng.TestRunner.run(TestRunner.java:603)
	at org.testng.SuiteRunner.runTest(SuiteRunner.java:429)
	at org.testng.SuiteRunner.runSequentially(SuiteRunner.java:423)
	at org.testng.SuiteRunner.privateRun(SuiteRunner.java:383)
	at org.testng.SuiteRunner.run(SuiteRunner.java:326)
	at org.testng.SuiteRunnerWorker.runSuite(SuiteRunnerWorker.java:52)
	at org.testng.SuiteRunnerWorker.run(SuiteRunnerWorker.java:95)
	at org.testng.TestNG.runSuitesSequentially(TestNG.java:1249)
	at org.testng.TestNG.runSuitesLocally(TestNG.java:1169)
	at org.testng.TestNG.runSuites(TestNG.java:1092)
	at org.testng.TestNG.run(TestNG.java:1060)
	at org.testng.remote.AbstractRemoteTestNG.run(AbstractRemoteTestNG.java:115)
	at org.testng.remote.RemoteTestNG.initAndRun(RemoteTestNG.java:251)
	at org.testng.remote.RemoteTestNG.main(RemoteTestNG.java:77)
</pre></div><a href='#' onClick='toggleBox("stack-trace415906914", this, "Click to show all stack frames", "Click to hide stack frames")'>Click to show all stack frames</a>
<div class='stack-trace' id='stack-trace415906914'><pre>org.openqa.selenium.NoSuchElementException: no such element: Unable to locate element: {&quot;method&quot;:&quot;xpath&quot;,&quot;selector&quot;:&quot;//div[@id=&apos;nav-al-container&apos;]//span[text()=&apos;New customer? Start here.&apos;]&quot;}
  (Session info: chrome=138.0.7204.158)
For documentation on this error, please visit: https://www.selenium.dev/documentation/webdriver/troubleshooting/errors#no-such-element-exception
Build info: version: &apos;4.16.1&apos;, revision: &apos;9b4c83354e&apos;
System info: os.name: &apos;Windows 10&apos;, os.arch: &apos;amd64&apos;, os.version: &apos;10.0&apos;, java.version: &apos;20.0.2&apos;
Driver info: org.openqa.selenium.chrome.ChromeDriver
Command: [b9f8fe26a3c22f9731fbd614b3cb7be7, findElement {using=xpath, value=//div[@id=&apos;nav-al-container&apos;]//span[text()=&apos;New customer? Start here.&apos;]}]
Capabilities {acceptInsecureCerts: false, browserName: chrome, browserVersion: 138.0.7204.158, chrome: {chromedriverVersion: 138.0.7204.157 (e533e98b126..., userDataDir: C:\Users\HP\AppData\Local\T...}, fedcm:accounts: true, goog:chromeOptions: {debuggerAddress: localhost:50702}, networkConnectionEnabled: false, pageLoadStrategy: normal, platformName: windows, proxy: Proxy(), se:cdp: ws://localhost:50702/devtoo..., se:cdpVersion: 138.0.7204.158, setWindowRect: true, strictFileInteractability: false, timeouts: {implicit: 0, pageLoad: 300000, script: 30000}, unhandledPromptBehavior: dismiss and notify, webauthn:extension:credBlob: true, webauthn:extension:largeBlob: true, webauthn:extension:minPinLength: true, webauthn:extension:prf: true, webauthn:virtualAuthenticators: true}
Session ID: b9f8fe26a3c22f9731fbd614b3cb7be7
	at java.base/jdk.internal.reflect.DirectConstructorHandleAccessor.newInstance(DirectConstructorHandleAccessor.java:67)
	at java.base/java.lang.reflect.Constructor.newInstanceWithCaller(Constructor.java:500)
	at java.base/java.lang.reflect.Constructor.newInstance(Constructor.java:484)
	at org.openqa.selenium.remote.codec.w3c.W3CHttpResponseCodec.createException(W3CHttpResponseCodec.java:200)
	at org.openqa.selenium.remote.codec.w3c.W3CHttpResponseCodec.decode(W3CHttpResponseCodec.java:133)
	at org.openqa.selenium.remote.codec.w3c.W3CHttpResponseCodec.decode(W3CHttpResponseCodec.java:52)
	at org.openqa.selenium.remote.HttpCommandExecutor.execute(HttpCommandExecutor.java:191)
	at org.openqa.selenium.remote.service.DriverCommandExecutor.invokeExecute(DriverCommandExecutor.java:200)
	at org.openqa.selenium.remote.service.DriverCommandExecutor.execute(DriverCommandExecutor.java:175)
	at org.openqa.selenium.remote.RemoteWebDriver.execute(RemoteWebDriver.java:523)
	at org.openqa.selenium.remote.ElementLocation$ElementFinder$2.findElement(ElementLocation.java:165)
	at org.openqa.selenium.remote.ElementLocation.findElement(ElementLocation.java:59)
	at org.openqa.selenium.remote.RemoteWebDriver.findElement(RemoteWebDriver.java:360)
	at org.openqa.selenium.remote.RemoteWebDriver.findElement(RemoteWebDriver.java:354)
	at Frame_Building_Blocks.AmazonTestMenu$ClickOnElemenetUsingDataProviderAnnotation.checkSignInXpaths(AmazonTestMenu.java:29)
	at java.base/jdk.internal.reflect.DirectMethodHandleAccessor.invoke(DirectMethodHandleAccessor.java:104)
	at java.base/java.lang.reflect.Method.invoke(Method.java:578)
	at org.testng.internal.invokers.MethodInvocationHelper.invokeMethod(MethodInvocationHelper.java:135)
	at org.testng.internal.invokers.TestInvoker.invokeMethod(TestInvoker.java:673)
	at org.testng.internal.invokers.TestInvoker.invokeTestMethod(TestInvoker.java:220)
	at org.testng.internal.invokers.MethodRunner.runInSequence(MethodRunner.java:50)
	at org.testng.internal.invokers.TestInvoker$MethodInvocationAgent.invoke(TestInvoker.java:945)
	at org.testng.internal.invokers.TestInvoker.invokeTestMethods(TestInvoker.java:193)
	at org.testng.internal.invokers.TestMethodWorker.invokeTestMethods(TestMethodWorker.java:146)
	at org.testng.internal.invokers.TestMethodWorker.run(TestMethodWorker.java:128)
	at java.base/java.util.ArrayList.forEach(ArrayList.java:1511)
	at org.testng.TestRunner.privateRun(TestRunner.java:808)
	at org.testng.TestRunner.run(TestRunner.java:603)
	at org.testng.SuiteRunner.runTest(SuiteRunner.java:429)
	at org.testng.SuiteRunner.runSequentially(SuiteRunner.java:423)
	at org.testng.SuiteRunner.privateRun(SuiteRunner.java:383)
	at org.testng.SuiteRunner.run(SuiteRunner.java:326)
	at org.testng.SuiteRunnerWorker.runSuite(SuiteRunnerWorker.java:52)
	at org.testng.SuiteRunnerWorker.run(SuiteRunnerWorker.java:95)
	at org.testng.TestNG.runSuitesSequentially(TestNG.java:1249)
	at org.testng.TestNG.runSuitesLocally(TestNG.java:1169)
	at org.testng.TestNG.runSuites(TestNG.java:1092)
	at org.testng.TestNG.run(TestNG.java:1060)
	at org.testng.remote.AbstractRemoteTestNG.run(AbstractRemoteTestNG.java:115)
	at org.testng.remote.RemoteTestNG.initAndRun(RemoteTestNG.java:251)
	at org.testng.remote.RemoteTestNG.main(RemoteTestNG.java:77)
</pre></div></td>
<td>62</td>
<td>Frame_Building_Blocks.AmazonTestMenu$ClickOnElemenetUsingDataProviderAnnotation@6743e411</td></tr>
<tr>
<td title='Frame_Building_Blocks.AmazonTestMenu$ClickOnElemenetUsingDataProviderAnnotation.checkSignInXpaths()'><b>checkSignInXpaths</b><br>Test class: Frame_Building_Blocks.AmazonTestMenu$ClickOnElemenetUsingDataProviderAnnotation<br>Parameters: Your Lists</td>
<td><div><pre>org.openqa.selenium.NoSuchElementException: no such element: Unable to locate element: {&quot;method&quot;:&quot;xpath&quot;,&quot;selector&quot;:&quot;//div[@id=&apos;nav-al-container&apos;]//span[text()=&apos;Your Lists&apos;]&quot;}
  (Session info: chrome=138.0.7204.158)
For documentation on this error, please visit: https://www.selenium.dev/documentation/webdriver/troubleshooting/errors#no-such-element-exception
Build info: version: &apos;4.16.1&apos;, revision: &apos;9b4c83354e&apos;
System info: os.name: &apos;Windows 10&apos;, os.arch: &apos;amd64&apos;, os.version: &apos;10.0&apos;, java.version: &apos;20.0.2&apos;
Driver info: org.openqa.selenium.chrome.ChromeDriver
Command: [1037b4e32590ebd43d650495c946da17, findElement {using=xpath, value=//div[@id=&apos;nav-al-container&apos;]//span[text()=&apos;Your Lists&apos;]}]
Capabilities {acceptInsecureCerts: false, browserName: chrome, browserVersion: 138.0.7204.158, chrome: {chromedriverVersion: 138.0.7204.157 (e533e98b126..., userDataDir: C:\Users\HP\AppData\Local\T...}, fedcm:accounts: true, goog:chromeOptions: {debuggerAddress: localhost:50803}, networkConnectionEnabled: false, pageLoadStrategy: normal, platformName: windows, proxy: Proxy(), se:cdp: ws://localhost:50803/devtoo..., se:cdpVersion: 138.0.7204.158, setWindowRect: true, strictFileInteractability: false, timeouts: {implicit: 0, pageLoad: 300000, script: 30000}, unhandledPromptBehavior: dismiss and notify, webauthn:extension:credBlob: true, webauthn:extension:largeBlob: true, webauthn:extension:minPinLength: true, webauthn:extension:prf: true, webauthn:virtualAuthenticators: true}
Session ID: 1037b4e32590ebd43d650495c946da17
	at java.base/jdk.internal.reflect.DirectConstructorHandleAccessor.newInstance(DirectConstructorHandleAccessor.java:67)
	at java.base/java.lang.reflect.Constructor.newInstanceWithCaller(Constructor.java:500)
	at java.base/java.lang.reflect.Constructor.newInstance(Constructor.java:484)
	at org.openqa.selenium.remote.codec.w3c.W3CHttpResponseCodec.createException(W3CHttpResponseCodec.java:200)
	at org.openqa.selenium.remote.codec.w3c.W3CHttpResponseCodec.decode(W3CHttpResponseCodec.java:133)
	at org.openqa.selenium.remote.codec.w3c.W3CHttpResponseCodec.decode(W3CHttpResponseCodec.java:52)
	at org.openqa.selenium.remote.HttpCommandExecutor.execute(HttpCommandExecutor.java:191)
	at org.openqa.selenium.remote.service.DriverCommandExecutor.invokeExecute(DriverCommandExecutor.java:200)
	at org.openqa.selenium.remote.service.DriverCommandExecutor.execute(DriverCommandExecutor.java:175)
	at org.openqa.selenium.remote.RemoteWebDriver.execute(RemoteWebDriver.java:523)
	at org.openqa.selenium.remote.ElementLocation$ElementFinder$2.findElement(ElementLocation.java:165)
	at org.openqa.selenium.remote.ElementLocation.findElement(ElementLocation.java:59)
	at org.openqa.selenium.remote.RemoteWebDriver.findElement(RemoteWebDriver.java:360)
	at org.openqa.selenium.remote.RemoteWebDriver.findElement(RemoteWebDriver.java:354)
	at Frame_Building_Blocks.AmazonTestMenu$ClickOnElemenetUsingDataProviderAnnotation.checkSignInXpaths(AmazonTestMenu.java:29)
	at java.base/jdk.internal.reflect.DirectMethodHandleAccessor.invoke(DirectMethodHandleAccessor.java:104)
	at java.base/java.lang.reflect.Method.invoke(Method.java:578)
	at org.testng.internal.invokers.MethodInvocationHelper.invokeMethod(MethodInvocationHelper.java:135)
	at org.testng.internal.invokers.TestInvoker.invokeMethod(TestInvoker.java:673)
	at org.testng.internal.invokers.TestInvoker.invokeTestMethod(TestInvoker.java:220)
	at org.testng.internal.invokers.MethodRunner.runInSequence(MethodRunner.java:50)
	at org.testng.internal.invokers.TestInvoker$MethodInvocationAgent.invoke(TestInvoker.java:945)
	at org.testng.internal.invokers.TestInvoker.invokeTestMethods(TestInvoker.java:193)
	at org.testng.internal.invokers.TestMethodWorker.invokeTestMethods(TestMethodWorker.java:146)
	at org.testng.internal.invokers.TestMethodWorker.run(TestMethodWorker.java:128)
	at java.base/java.util.ArrayList.forEach(ArrayList.java:1511)
	at org.testng.TestRunner.privateRun(TestRunner.java:808)
	at org.testng.TestRunner.run(TestRunner.java:603)
	at org.testng.SuiteRunner.runTest(SuiteRunner.java:429)
	at org.testng.SuiteRunner.runSequentially(SuiteRunner.java:423)
	at org.testng.SuiteRunner.privateRun(SuiteRunner.java:383)
	at org.testng.SuiteRunner.run(SuiteRunner.java:326)
	at org.testng.SuiteRunnerWorker.runSuite(SuiteRunnerWorker.java:52)
	at org.testng.SuiteRunnerWorker.run(SuiteRunnerWorker.java:95)
	at org.testng.TestNG.runSuitesSequentially(TestNG.java:1249)
	at org.testng.TestNG.runSuitesLocally(TestNG.java:1169)
	at org.testng.TestNG.runSuites(TestNG.java:1092)
	at org.testng.TestNG.run(TestNG.java:1060)
	at org.testng.remote.AbstractRemoteTestNG.run(AbstractRemoteTestNG.java:115)
	at org.testng.remote.RemoteTestNG.initAndRun(RemoteTestNG.java:251)
	at org.testng.remote.RemoteTestNG.main(RemoteTestNG.java:77)
</pre></div><a href='#' onClick='toggleBox("stack-trace528877978", this, "Click to show all stack frames", "Click to hide stack frames")'>Click to show all stack frames</a>
<div class='stack-trace' id='stack-trace528877978'><pre>org.openqa.selenium.NoSuchElementException: no such element: Unable to locate element: {&quot;method&quot;:&quot;xpath&quot;,&quot;selector&quot;:&quot;//div[@id=&apos;nav-al-container&apos;]//span[text()=&apos;Your Lists&apos;]&quot;}
  (Session info: chrome=138.0.7204.158)
For documentation on this error, please visit: https://www.selenium.dev/documentation/webdriver/troubleshooting/errors#no-such-element-exception
Build info: version: &apos;4.16.1&apos;, revision: &apos;9b4c83354e&apos;
System info: os.name: &apos;Windows 10&apos;, os.arch: &apos;amd64&apos;, os.version: &apos;10.0&apos;, java.version: &apos;20.0.2&apos;
Driver info: org.openqa.selenium.chrome.ChromeDriver
Command: [1037b4e32590ebd43d650495c946da17, findElement {using=xpath, value=//div[@id=&apos;nav-al-container&apos;]//span[text()=&apos;Your Lists&apos;]}]
Capabilities {acceptInsecureCerts: false, browserName: chrome, browserVersion: 138.0.7204.158, chrome: {chromedriverVersion: 138.0.7204.157 (e533e98b126..., userDataDir: C:\Users\HP\AppData\Local\T...}, fedcm:accounts: true, goog:chromeOptions: {debuggerAddress: localhost:50803}, networkConnectionEnabled: false, pageLoadStrategy: normal, platformName: windows, proxy: Proxy(), se:cdp: ws://localhost:50803/devtoo..., se:cdpVersion: 138.0.7204.158, setWindowRect: true, strictFileInteractability: false, timeouts: {implicit: 0, pageLoad: 300000, script: 30000}, unhandledPromptBehavior: dismiss and notify, webauthn:extension:credBlob: true, webauthn:extension:largeBlob: true, webauthn:extension:minPinLength: true, webauthn:extension:prf: true, webauthn:virtualAuthenticators: true}
Session ID: 1037b4e32590ebd43d650495c946da17
	at java.base/jdk.internal.reflect.DirectConstructorHandleAccessor.newInstance(DirectConstructorHandleAccessor.java:67)
	at java.base/java.lang.reflect.Constructor.newInstanceWithCaller(Constructor.java:500)
	at java.base/java.lang.reflect.Constructor.newInstance(Constructor.java:484)
	at org.openqa.selenium.remote.codec.w3c.W3CHttpResponseCodec.createException(W3CHttpResponseCodec.java:200)
	at org.openqa.selenium.remote.codec.w3c.W3CHttpResponseCodec.decode(W3CHttpResponseCodec.java:133)
	at org.openqa.selenium.remote.codec.w3c.W3CHttpResponseCodec.decode(W3CHttpResponseCodec.java:52)
	at org.openqa.selenium.remote.HttpCommandExecutor.execute(HttpCommandExecutor.java:191)
	at org.openqa.selenium.remote.service.DriverCommandExecutor.invokeExecute(DriverCommandExecutor.java:200)
	at org.openqa.selenium.remote.service.DriverCommandExecutor.execute(DriverCommandExecutor.java:175)
	at org.openqa.selenium.remote.RemoteWebDriver.execute(RemoteWebDriver.java:523)
	at org.openqa.selenium.remote.ElementLocation$ElementFinder$2.findElement(ElementLocation.java:165)
	at org.openqa.selenium.remote.ElementLocation.findElement(ElementLocation.java:59)
	at org.openqa.selenium.remote.RemoteWebDriver.findElement(RemoteWebDriver.java:360)
	at org.openqa.selenium.remote.RemoteWebDriver.findElement(RemoteWebDriver.java:354)
	at Frame_Building_Blocks.AmazonTestMenu$ClickOnElemenetUsingDataProviderAnnotation.checkSignInXpaths(AmazonTestMenu.java:29)
	at java.base/jdk.internal.reflect.DirectMethodHandleAccessor.invoke(DirectMethodHandleAccessor.java:104)
	at java.base/java.lang.reflect.Method.invoke(Method.java:578)
	at org.testng.internal.invokers.MethodInvocationHelper.invokeMethod(MethodInvocationHelper.java:135)
	at org.testng.internal.invokers.TestInvoker.invokeMethod(TestInvoker.java:673)
	at org.testng.internal.invokers.TestInvoker.invokeTestMethod(TestInvoker.java:220)
	at org.testng.internal.invokers.MethodRunner.runInSequence(MethodRunner.java:50)
	at org.testng.internal.invokers.TestInvoker$MethodInvocationAgent.invoke(TestInvoker.java:945)
	at org.testng.internal.invokers.TestInvoker.invokeTestMethods(TestInvoker.java:193)
	at org.testng.internal.invokers.TestMethodWorker.invokeTestMethods(TestMethodWorker.java:146)
	at org.testng.internal.invokers.TestMethodWorker.run(TestMethodWorker.java:128)
	at java.base/java.util.ArrayList.forEach(ArrayList.java:1511)
	at org.testng.TestRunner.privateRun(TestRunner.java:808)
	at org.testng.TestRunner.run(TestRunner.java:603)
	at org.testng.SuiteRunner.runTest(SuiteRunner.java:429)
	at org.testng.SuiteRunner.runSequentially(SuiteRunner.java:423)
	at org.testng.SuiteRunner.privateRun(SuiteRunner.java:383)
	at org.testng.SuiteRunner.run(SuiteRunner.java:326)
	at org.testng.SuiteRunnerWorker.runSuite(SuiteRunnerWorker.java:52)
	at org.testng.SuiteRunnerWorker.run(SuiteRunnerWorker.java:95)
	at org.testng.TestNG.runSuitesSequentially(TestNG.java:1249)
	at org.testng.TestNG.runSuitesLocally(TestNG.java:1169)
	at org.testng.TestNG.runSuites(TestNG.java:1092)
	at org.testng.TestNG.run(TestNG.java:1060)
	at org.testng.remote.AbstractRemoteTestNG.run(AbstractRemoteTestNG.java:115)
	at org.testng.remote.RemoteTestNG.initAndRun(RemoteTestNG.java:251)
	at org.testng.remote.RemoteTestNG.main(RemoteTestNG.java:77)
</pre></div></td>
<td>82</td>
<td>Frame_Building_Blocks.AmazonTestMenu$ClickOnElemenetUsingDataProviderAnnotation@6743e411</td></tr>
</table><p>
<table width='100%' border='1' class='invocation-passed'>
<tr><td colspan='4' align='center'><b>PASSED TESTS</b></td></tr>
<tr><td><b>Test method</b></td>
<td width="30%"><b>Exception</b></td>
<td width="10%"><b>Time (seconds)</b></td>
<td><b>Instance</b></td>
</tr>
<tr>
<td title='Frame_Building_Blocks.AmazonTestMenu$ClickOnElemenetUsingDataProviderAnnotation.checkSignInXpaths()'><b>checkSignInXpaths</b><br>Test class: Frame_Building_Blocks.AmazonTestMenu$ClickOnElemenetUsingDataProviderAnnotation<br>Parameters: Your Wish List</td>
<td></td>
<td>58</td>
<td>Frame_Building_Blocks.AmazonTestMenu$ClickOnElemenetUsingDataProviderAnnotation@6743e411</td></tr>
<tr>
<td title='Frame_Building_Blocks.AmazonTestMenu$ClickOnElemenetUsingDataProviderAnnotation.checkSignInXpaths()'><b>checkSignInXpaths</b><br>Test class: Frame_Building_Blocks.AmazonTestMenu$ClickOnElemenetUsingDataProviderAnnotation<br>Parameters: Your Subscribe & Save Items</td>
<td></td>
<td>29</td>
<td>Frame_Building_Blocks.AmazonTestMenu$ClickOnElemenetUsingDataProviderAnnotation@6743e411</td></tr>
<tr>
<td title='Frame_Building_Blocks.AmazonTestMenu$ClickOnElemenetUsingDataProviderAnnotation.checkSignInXpaths()'><b>checkSignInXpaths</b><br>Test class: Frame_Building_Blocks.AmazonTestMenu$ClickOnElemenetUsingDataProviderAnnotation<br>Parameters: Wish from Any Website</td>
<td></td>
<td>28</td>
<td>Frame_Building_Blocks.AmazonTestMenu$ClickOnElemenetUsingDataProviderAnnotation@6743e411</td></tr>
<tr>
<td title='Frame_Building_Blocks.AmazonTestMenu$ClickOnElemenetUsingDataProviderAnnotation.checkSignInXpaths()'><b>checkSignInXpaths</b><br>Test class: Frame_Building_Blocks.AmazonTestMenu$ClickOnElemenetUsingDataProviderAnnotation<br>Parameters: Your Orders</td>
<td></td>
<td>59</td>
<td>Frame_Building_Blocks.AmazonTestMenu$ClickOnElemenetUsingDataProviderAnnotation@6743e411</td></tr>
<tr>
<td title='Frame_Building_Blocks.AmazonTestMenu$ClickOnElemenetUsingDataProviderAnnotation.checkSignInXpaths()'><b>checkSignInXpaths</b><br>Test class: Frame_Building_Blocks.AmazonTestMenu$ClickOnElemenetUsingDataProviderAnnotation<br>Parameters: Your Prime Membership</td>
<td></td>
<td>31</td>
<td>Frame_Building_Blocks.AmazonTestMenu$ClickOnElemenetUsingDataProviderAnnotation@6743e411</td></tr>
<tr>
<td title='Frame_Building_Blocks.AmazonTestMenu$ClickOnElemenetUsingDataProviderAnnotation.checkSignInXpaths()'><b>checkSignInXpaths</b><br>Test class: Frame_Building_Blocks.AmazonTestMenu$ClickOnElemenetUsingDataProviderAnnotation<br>Parameters: Sign in</td>
<td></td>
<td>35</td>
<td>Frame_Building_Blocks.AmazonTestMenu$ClickOnElemenetUsingDataProviderAnnotation@6743e411</td></tr>
<tr>
<td title='Frame_Building_Blocks.AmazonTestMenu$ClickOnElemenetUsingDataProviderAnnotation.checkSignInXpaths()'><b>checkSignInXpaths</b><br>Test class: Frame_Building_Blocks.AmazonTestMenu$ClickOnElemenetUsingDataProviderAnnotation<br>Parameters: Explore Showroom</td>
<td></td>
<td>41</td>
<td>Frame_Building_Blocks.AmazonTestMenu$ClickOnElemenetUsingDataProviderAnnotation@6743e411</td></tr>
<tr>
<td title='Frame_Building_Blocks.AmazonTestMenu$ClickOnElemenetUsingDataProviderAnnotation.checkSignInXpaths()'><b>checkSignInXpaths</b><br>Test class: Frame_Building_Blocks.AmazonTestMenu$ClickOnElemenetUsingDataProviderAnnotation<br>Parameters: Create a Wish List</td>
<td></td>
<td>52</td>
<td>Frame_Building_Blocks.AmazonTestMenu$ClickOnElemenetUsingDataProviderAnnotation@6743e411</td></tr>
<tr>
<td title='Frame_Building_Blocks.AmazonTestMenu$ClickOnElemenetUsingDataProviderAnnotation.checkSignInXpaths()'><b>checkSignInXpaths</b><br>Test class: Frame_Building_Blocks.AmazonTestMenu$ClickOnElemenetUsingDataProviderAnnotation<br>Parameters: Memberships & Subscriptions</td>
<td></td>
<td>58</td>
<td>Frame_Building_Blocks.AmazonTestMenu$ClickOnElemenetUsingDataProviderAnnotation@6743e411</td></tr>
<tr>
<td title='Frame_Building_Blocks.AmazonTestMenu$ClickOnElemenetUsingDataProviderAnnotation.checkSignInXpaths()'><b>checkSignInXpaths</b><br>Test class: Frame_Building_Blocks.AmazonTestMenu$ClickOnElemenetUsingDataProviderAnnotation<br>Parameters: Manage Your Content and Devices</td>
<td></td>
<td>41</td>
<td>Frame_Building_Blocks.AmazonTestMenu$ClickOnElemenetUsingDataProviderAnnotation@6743e411</td></tr>
<tr>
<td title='Frame_Building_Blocks.AmazonTestMenu$ClickOnElemenetUsingDataProviderAnnotation.checkSignInXpaths()'><b>checkSignInXpaths</b><br>Test class: Frame_Building_Blocks.AmazonTestMenu$ClickOnElemenetUsingDataProviderAnnotation<br>Parameters: Your Account</td>
<td></td>
<td>27</td>
<td>Frame_Building_Blocks.AmazonTestMenu$ClickOnElemenetUsingDataProviderAnnotation@6743e411</td></tr>
<tr>
<td title='Frame_Building_Blocks.AmazonTestMenu$ClickOnElemenetUsingDataProviderAnnotation.checkSignInXpaths()'><b>checkSignInXpaths</b><br>Test class: Frame_Building_Blocks.AmazonTestMenu$ClickOnElemenetUsingDataProviderAnnotation<br>Parameters: Your Recommendations</td>
<td></td>
<td>43</td>
<td>Frame_Building_Blocks.AmazonTestMenu$ClickOnElemenetUsingDataProviderAnnotation@6743e411</td></tr>
<tr>
<td title='Frame_Building_Blocks.AmazonTestMenu$ClickOnElemenetUsingDataProviderAnnotation.checkSignInXpaths()'><b>checkSignInXpaths</b><br>Test class: Frame_Building_Blocks.AmazonTestMenu$ClickOnElemenetUsingDataProviderAnnotation<br>Parameters: Register for a free Business Account</td>
<td></td>
<td>57</td>
<td>Frame_Building_Blocks.AmazonTestMenu$ClickOnElemenetUsingDataProviderAnnotation@6743e411</td></tr>
<tr>
<td title='Frame_Building_Blocks.AmazonTestMenu$ClickOnElemenetUsingDataProviderAnnotation.checkSignInXpaths()'><b>checkSignInXpaths</b><br>Test class: Frame_Building_Blocks.AmazonTestMenu$ClickOnElemenetUsingDataProviderAnnotation<br>Parameters: Baby Wishlist</td>
<td></td>
<td>37</td>
<td>Frame_Building_Blocks.AmazonTestMenu$ClickOnElemenetUsingDataProviderAnnotation@6743e411</td></tr>
<tr>
<td title='Frame_Building_Blocks.AmazonTestMenu$ClickOnElemenetUsingDataProviderAnnotation.checkSignInXpaths()'><b>checkSignInXpaths</b><br>Test class: Frame_Building_Blocks.AmazonTestMenu$ClickOnElemenetUsingDataProviderAnnotation<br>Parameters: Your Prime Video</td>
<td></td>
<td>80</td>
<td>Frame_Building_Blocks.AmazonTestMenu$ClickOnElemenetUsingDataProviderAnnotation@6743e411</td></tr>
<tr>
<td title='Frame_Building_Blocks.AmazonTestMenu$ClickOnElemenetUsingDataProviderAnnotation.checkSignInXpaths()'><b>checkSignInXpaths</b><br>Test class: Frame_Building_Blocks.AmazonTestMenu$ClickOnElemenetUsingDataProviderAnnotation<br>Parameters: Your Seller Account</td>
<td></td>
<td>32</td>
<td>Frame_Building_Blocks.AmazonTestMenu$ClickOnElemenetUsingDataProviderAnnotation@6743e411</td></tr>
<tr>
<td title='Frame_Building_Blocks.AmazonTestMenu$ClickOnElemenetUsingDataProviderAnnotation.checkSignInXpaths()'><b>checkSignInXpaths</b><br>Test class: Frame_Building_Blocks.AmazonTestMenu$ClickOnElemenetUsingDataProviderAnnotation<br>Parameters: Discover Your Style</td>
<td></td>
<td>48</td>
<td>Frame_Building_Blocks.AmazonTestMenu$ClickOnElemenetUsingDataProviderAnnotation@6743e411</td></tr>
<tr>
<td title='Frame_Building_Blocks.AmazonTestMenu$ClickOnElemenetUsingDataProviderAnnotation.checkSignInXpaths()'><b>checkSignInXpaths</b><br>Test class: Frame_Building_Blocks.AmazonTestMenu$ClickOnElemenetUsingDataProviderAnnotation<br>Parameters: Your Account</td>
<td></td>
<td>26</td>
<td>Frame_Building_Blocks.AmazonTestMenu$ClickOnElemenetUsingDataProviderAnnotation@6743e411</td></tr>
</table><p>
</body>
</html>