<!DOCTYPE html PUBLIC "-//W3C//DTD XHTML 1.1//EN" "https://www.w3.org/TR/xhtml11/DTD/xhtml11.dtd">
<html xmlns="https://www.w3.org/1999/xhtml">
<head>
<meta http-equiv="content-type" content="text/html; charset=UTF-8"/>
<title>TestNG Report</title>
<style type="text/css">table {margin-bottom:10px;border-collapse:collapse;empty-cells:show}th,td {border:1px solid #009;padding:.25em .5em}th {vertical-align:bottom}td {vertical-align:top}table a {font-weight:bold}.stripe td {background-color: #E6EBF9}.num {text-align:right}.passedodd td {background-color: #3F3}.passedeven td {background-color: #0A0}.skippedodd td {background-color: #DDD}.skippedeven td {background-color: #CCC}.failedodd td,.attn {background-color: #F33}.failedeven td,.stripe .attn {background-color: #D00}.stacktrace {white-space:pre;font-family:monospace}.totop {font-size:85%;text-align:center;border-bottom:2px solid #000}.invisible {display:none}</style>
</head>
<body>
<table>
<tr><th>Test</th><th># Passed</th><th># Skipped</th><th># Retried</th><th># Failed</th><th>Time (ms)</th><th>Included Groups</th><th>Excluded Groups</th></tr>
<tr><th colspan="8">Default suite</th></tr>
<tr><td><a href="#t0">Default test</a></td><td class="num">18</td><td class="num">0</td><td class="num">0</td><td class="num attn">2</td><td class="num">938,673</td><td></td><td></td></tr>
</table>
<table id='summary'><thead><tr><th>Class</th><th>Method</th><th>Start</th><th>Time (ms)</th></tr></thead><tbody><tr><th colspan="4">Default suite</th></tr></tbody><tbody id="t0"><tr><th colspan="4">Default test &#8212; failed</th></tr><tr class="failedeven"><td rowspan="2">Frame_Building_Blocks.AmazonTestMenu$ClickOnElemenetUsingDataProviderAnnotation</td><td><a href="#m0">checkSignInXpaths</a></td><td rowspan="2">1753205766915</td><td rowspan="2">62465</td></tr><tr class="failedeven"><td><a href="#m1">checkSignInXpaths</a></td></tr><tr><th colspan="4">Default test &#8212; passed</th></tr><tr class="passedeven"><td rowspan="18">Frame_Building_Blocks.AmazonTestMenu$ClickOnElemenetUsingDataProviderAnnotation</td><td><a href="#m2">checkSignInXpaths</a></td><td rowspan="18">1753206235919</td><td rowspan="18">58072</td></tr><tr class="passedeven"><td><a href="#m3">checkSignInXpaths</a></td></tr><tr class="passedeven"><td><a href="#m4">checkSignInXpaths</a></td></tr><tr class="passedeven"><td><a href="#m5">checkSignInXpaths</a></td></tr><tr class="passedeven"><td><a href="#m6">checkSignInXpaths</a></td></tr><tr class="passedeven"><td><a href="#m7">checkSignInXpaths</a></td></tr><tr class="passedeven"><td><a href="#m8">checkSignInXpaths</a></td></tr><tr class="passedeven"><td><a href="#m9">checkSignInXpaths</a></td></tr><tr class="passedeven"><td><a href="#m10">checkSignInXpaths</a></td></tr><tr class="passedeven"><td><a href="#m11">checkSignInXpaths</a></td></tr><tr class="passedeven"><td><a href="#m12">checkSignInXpaths</a></td></tr><tr class="passedeven"><td><a href="#m13">checkSignInXpaths</a></td></tr><tr class="passedeven"><td><a href="#m14">checkSignInXpaths</a></td></tr><tr class="passedeven"><td><a href="#m15">checkSignInXpaths</a></td></tr><tr class="passedeven"><td><a href="#m16">checkSignInXpaths</a></td></tr><tr class="passedeven"><td><a href="#m17">checkSignInXpaths</a></td></tr><tr class="passedeven"><td><a href="#m18">checkSignInXpaths</a></td></tr><tr class="passedeven"><td><a href="#m19">checkSignInXpaths</a></td></tr></tbody>
</table>
<h2>Default test</h2><h3 id="m0">Frame_Building_Blocks.AmazonTestMenu$ClickOnElemenetUsingDataProviderAnnotation#checkSignInXpaths</h3><table class="result"><tr class="param"><th>Parameter #1</th></tr><tr class="param stripe"><td>New customer? Start here.</td></tr><tr><th>Exception</th></tr><tr><td><div class="stacktrace">org.openqa.selenium.NoSuchElementException: no such element: Unable to locate element: {&quot;method&quot;:&quot;xpath&quot;,&quot;selector&quot;:&quot;//div[@id=&apos;nav-al-container&apos;]//span[text()=&apos;New customer? Start here.&apos;]&quot;}
  (Session info: chrome=138.0.7204.158)
For documentation on this error, please visit: https://www.selenium.dev/documentation/webdriver/troubleshooting/errors#no-such-element-exception
Build info: version: &apos;4.16.1&apos;, revision: &apos;9b4c83354e&apos;
System info: os.name: &apos;Windows 10&apos;, os.arch: &apos;amd64&apos;, os.version: &apos;10.0&apos;, java.version: &apos;20.0.2&apos;
Driver info: org.openqa.selenium.chrome.ChromeDriver
Command: [b9f8fe26a3c22f9731fbd614b3cb7be7, findElement {using=xpath, value=//div[@id=&apos;nav-al-container&apos;]//span[text()=&apos;New customer? Start here.&apos;]}]
Capabilities {acceptInsecureCerts: false, browserName: chrome, browserVersion: 138.0.7204.158, chrome: {chromedriverVersion: 138.0.7204.157 (e533e98b126..., userDataDir: C:\Users\HP\AppData\Local\T...}, fedcm:accounts: true, goog:chromeOptions: {debuggerAddress: localhost:50702}, networkConnectionEnabled: false, pageLoadStrategy: normal, platformName: windows, proxy: Proxy(), se:cdp: ws://localhost:50702/devtoo..., se:cdpVersion: 138.0.7204.158, setWindowRect: true, strictFileInteractability: false, timeouts: {implicit: 0, pageLoad: 300000, script: 30000}, unhandledPromptBehavior: dismiss and notify, webauthn:extension:credBlob: true, webauthn:extension:largeBlob: true, webauthn:extension:minPinLength: true, webauthn:extension:prf: true, webauthn:virtualAuthenticators: true}
Session ID: b9f8fe26a3c22f9731fbd614b3cb7be7
	at java.base/jdk.internal.reflect.DirectConstructorHandleAccessor.newInstance(DirectConstructorHandleAccessor.java:67)
	at java.base/java.lang.reflect.Constructor.newInstanceWithCaller(Constructor.java:500)
	at java.base/java.lang.reflect.Constructor.newInstance(Constructor.java:484)
	at org.openqa.selenium.remote.codec.w3c.W3CHttpResponseCodec.createException(W3CHttpResponseCodec.java:200)
	at org.openqa.selenium.remote.codec.w3c.W3CHttpResponseCodec.decode(W3CHttpResponseCodec.java:133)
	at org.openqa.selenium.remote.codec.w3c.W3CHttpResponseCodec.decode(W3CHttpResponseCodec.java:52)
	at org.openqa.selenium.remote.HttpCommandExecutor.execute(HttpCommandExecutor.java:191)
	at org.openqa.selenium.remote.service.DriverCommandExecutor.invokeExecute(DriverCommandExecutor.java:200)
	at org.openqa.selenium.remote.service.DriverCommandExecutor.execute(DriverCommandExecutor.java:175)
	at org.openqa.selenium.remote.RemoteWebDriver.execute(RemoteWebDriver.java:523)
	at org.openqa.selenium.remote.ElementLocation$ElementFinder$2.findElement(ElementLocation.java:165)
	at org.openqa.selenium.remote.ElementLocation.findElement(ElementLocation.java:59)
	at org.openqa.selenium.remote.RemoteWebDriver.findElement(RemoteWebDriver.java:360)
	at org.openqa.selenium.remote.RemoteWebDriver.findElement(RemoteWebDriver.java:354)
	at Frame_Building_Blocks.AmazonTestMenu$ClickOnElemenetUsingDataProviderAnnotation.checkSignInXpaths(AmazonTestMenu.java:29)
	at java.base/jdk.internal.reflect.DirectMethodHandleAccessor.invoke(DirectMethodHandleAccessor.java:104)
	at java.base/java.lang.reflect.Method.invoke(Method.java:578)
	at org.testng.internal.invokers.MethodInvocationHelper.invokeMethod(MethodInvocationHelper.java:135)
	at org.testng.internal.invokers.TestInvoker.invokeMethod(TestInvoker.java:673)
	at org.testng.internal.invokers.TestInvoker.invokeTestMethod(TestInvoker.java:220)
	at org.testng.internal.invokers.MethodRunner.runInSequence(MethodRunner.java:50)
	at org.testng.internal.invokers.TestInvoker$MethodInvocationAgent.invoke(TestInvoker.java:945)
	at org.testng.internal.invokers.TestInvoker.invokeTestMethods(TestInvoker.java:193)
	at org.testng.internal.invokers.TestMethodWorker.invokeTestMethods(TestMethodWorker.java:146)
	at org.testng.internal.invokers.TestMethodWorker.run(TestMethodWorker.java:128)
	at java.base/java.util.ArrayList.forEach(ArrayList.java:1511)
	at org.testng.TestRunner.privateRun(TestRunner.java:808)
	at org.testng.TestRunner.run(TestRunner.java:603)
	at org.testng.SuiteRunner.runTest(SuiteRunner.java:429)
	at org.testng.SuiteRunner.runSequentially(SuiteRunner.java:423)
	at org.testng.SuiteRunner.privateRun(SuiteRunner.java:383)
	at org.testng.SuiteRunner.run(SuiteRunner.java:326)
	at org.testng.SuiteRunnerWorker.runSuite(SuiteRunnerWorker.java:52)
	at org.testng.SuiteRunnerWorker.run(SuiteRunnerWorker.java:95)
	at org.testng.TestNG.runSuitesSequentially(TestNG.java:1249)
	at org.testng.TestNG.runSuitesLocally(TestNG.java:1169)
	at org.testng.TestNG.runSuites(TestNG.java:1092)
	at org.testng.TestNG.run(TestNG.java:1060)
	at org.testng.remote.AbstractRemoteTestNG.run(AbstractRemoteTestNG.java:115)
	at org.testng.remote.RemoteTestNG.initAndRun(RemoteTestNG.java:251)
	at org.testng.remote.RemoteTestNG.main(RemoteTestNG.java:77)
</div></td></tr></table><p class="totop"><a href="#summary">back to summary</a></p>
<h3 id="m1">Frame_Building_Blocks.AmazonTestMenu$ClickOnElemenetUsingDataProviderAnnotation#checkSignInXpaths</h3><table class="result"><tr class="param"><th>Parameter #1</th></tr><tr class="param stripe"><td>Your Lists</td></tr><tr><th>Exception</th></tr><tr><td><div class="stacktrace">org.openqa.selenium.NoSuchElementException: no such element: Unable to locate element: {&quot;method&quot;:&quot;xpath&quot;,&quot;selector&quot;:&quot;//div[@id=&apos;nav-al-container&apos;]//span[text()=&apos;Your Lists&apos;]&quot;}
  (Session info: chrome=138.0.7204.158)
For documentation on this error, please visit: https://www.selenium.dev/documentation/webdriver/troubleshooting/errors#no-such-element-exception
Build info: version: &apos;4.16.1&apos;, revision: &apos;9b4c83354e&apos;
System info: os.name: &apos;Windows 10&apos;, os.arch: &apos;amd64&apos;, os.version: &apos;10.0&apos;, java.version: &apos;20.0.2&apos;
Driver info: org.openqa.selenium.chrome.ChromeDriver
Command: [1037b4e32590ebd43d650495c946da17, findElement {using=xpath, value=//div[@id=&apos;nav-al-container&apos;]//span[text()=&apos;Your Lists&apos;]}]
Capabilities {acceptInsecureCerts: false, browserName: chrome, browserVersion: 138.0.7204.158, chrome: {chromedriverVersion: 138.0.7204.157 (e533e98b126..., userDataDir: C:\Users\HP\AppData\Local\T...}, fedcm:accounts: true, goog:chromeOptions: {debuggerAddress: localhost:50803}, networkConnectionEnabled: false, pageLoadStrategy: normal, platformName: windows, proxy: Proxy(), se:cdp: ws://localhost:50803/devtoo..., se:cdpVersion: 138.0.7204.158, setWindowRect: true, strictFileInteractability: false, timeouts: {implicit: 0, pageLoad: 300000, script: 30000}, unhandledPromptBehavior: dismiss and notify, webauthn:extension:credBlob: true, webauthn:extension:largeBlob: true, webauthn:extension:minPinLength: true, webauthn:extension:prf: true, webauthn:virtualAuthenticators: true}
Session ID: 1037b4e32590ebd43d650495c946da17
	at java.base/jdk.internal.reflect.DirectConstructorHandleAccessor.newInstance(DirectConstructorHandleAccessor.java:67)
	at java.base/java.lang.reflect.Constructor.newInstanceWithCaller(Constructor.java:500)
	at java.base/java.lang.reflect.Constructor.newInstance(Constructor.java:484)
	at org.openqa.selenium.remote.codec.w3c.W3CHttpResponseCodec.createException(W3CHttpResponseCodec.java:200)
	at org.openqa.selenium.remote.codec.w3c.W3CHttpResponseCodec.decode(W3CHttpResponseCodec.java:133)
	at org.openqa.selenium.remote.codec.w3c.W3CHttpResponseCodec.decode(W3CHttpResponseCodec.java:52)
	at org.openqa.selenium.remote.HttpCommandExecutor.execute(HttpCommandExecutor.java:191)
	at org.openqa.selenium.remote.service.DriverCommandExecutor.invokeExecute(DriverCommandExecutor.java:200)
	at org.openqa.selenium.remote.service.DriverCommandExecutor.execute(DriverCommandExecutor.java:175)
	at org.openqa.selenium.remote.RemoteWebDriver.execute(RemoteWebDriver.java:523)
	at org.openqa.selenium.remote.ElementLocation$ElementFinder$2.findElement(ElementLocation.java:165)
	at org.openqa.selenium.remote.ElementLocation.findElement(ElementLocation.java:59)
	at org.openqa.selenium.remote.RemoteWebDriver.findElement(RemoteWebDriver.java:360)
	at org.openqa.selenium.remote.RemoteWebDriver.findElement(RemoteWebDriver.java:354)
	at Frame_Building_Blocks.AmazonTestMenu$ClickOnElemenetUsingDataProviderAnnotation.checkSignInXpaths(AmazonTestMenu.java:29)
	at java.base/jdk.internal.reflect.DirectMethodHandleAccessor.invoke(DirectMethodHandleAccessor.java:104)
	at java.base/java.lang.reflect.Method.invoke(Method.java:578)
	at org.testng.internal.invokers.MethodInvocationHelper.invokeMethod(MethodInvocationHelper.java:135)
	at org.testng.internal.invokers.TestInvoker.invokeMethod(TestInvoker.java:673)
	at org.testng.internal.invokers.TestInvoker.invokeTestMethod(TestInvoker.java:220)
	at org.testng.internal.invokers.MethodRunner.runInSequence(MethodRunner.java:50)
	at org.testng.internal.invokers.TestInvoker$MethodInvocationAgent.invoke(TestInvoker.java:945)
	at org.testng.internal.invokers.TestInvoker.invokeTestMethods(TestInvoker.java:193)
	at org.testng.internal.invokers.TestMethodWorker.invokeTestMethods(TestMethodWorker.java:146)
	at org.testng.internal.invokers.TestMethodWorker.run(TestMethodWorker.java:128)
	at java.base/java.util.ArrayList.forEach(ArrayList.java:1511)
	at org.testng.TestRunner.privateRun(TestRunner.java:808)
	at org.testng.TestRunner.run(TestRunner.java:603)
	at org.testng.SuiteRunner.runTest(SuiteRunner.java:429)
	at org.testng.SuiteRunner.runSequentially(SuiteRunner.java:423)
	at org.testng.SuiteRunner.privateRun(SuiteRunner.java:383)
	at org.testng.SuiteRunner.run(SuiteRunner.java:326)
	at org.testng.SuiteRunnerWorker.runSuite(SuiteRunnerWorker.java:52)
	at org.testng.SuiteRunnerWorker.run(SuiteRunnerWorker.java:95)
	at org.testng.TestNG.runSuitesSequentially(TestNG.java:1249)
	at org.testng.TestNG.runSuitesLocally(TestNG.java:1169)
	at org.testng.TestNG.runSuites(TestNG.java:1092)
	at org.testng.TestNG.run(TestNG.java:1060)
	at org.testng.remote.AbstractRemoteTestNG.run(AbstractRemoteTestNG.java:115)
	at org.testng.remote.RemoteTestNG.initAndRun(RemoteTestNG.java:251)
	at org.testng.remote.RemoteTestNG.main(RemoteTestNG.java:77)
</div></td></tr></table><p class="totop"><a href="#summary">back to summary</a></p>
<h3 id="m2">Frame_Building_Blocks.AmazonTestMenu$ClickOnElemenetUsingDataProviderAnnotation#checkSignInXpaths</h3><table class="result"><tr class="param"><th>Parameter #1</th></tr><tr class="param stripe"><td>Your Wish List</td></tr></table><p class="totop"><a href="#summary">back to summary</a></p>
<h3 id="m3">Frame_Building_Blocks.AmazonTestMenu$ClickOnElemenetUsingDataProviderAnnotation#checkSignInXpaths</h3><table class="result"><tr class="param"><th>Parameter #1</th></tr><tr class="param stripe"><td>Your Subscribe &amp; Save Items</td></tr></table><p class="totop"><a href="#summary">back to summary</a></p>
<h3 id="m4">Frame_Building_Blocks.AmazonTestMenu$ClickOnElemenetUsingDataProviderAnnotation#checkSignInXpaths</h3><table class="result"><tr class="param"><th>Parameter #1</th></tr><tr class="param stripe"><td>Wish from Any Website</td></tr></table><p class="totop"><a href="#summary">back to summary</a></p>
<h3 id="m5">Frame_Building_Blocks.AmazonTestMenu$ClickOnElemenetUsingDataProviderAnnotation#checkSignInXpaths</h3><table class="result"><tr class="param"><th>Parameter #1</th></tr><tr class="param stripe"><td>Your Orders</td></tr></table><p class="totop"><a href="#summary">back to summary</a></p>
<h3 id="m6">Frame_Building_Blocks.AmazonTestMenu$ClickOnElemenetUsingDataProviderAnnotation#checkSignInXpaths</h3><table class="result"><tr class="param"><th>Parameter #1</th></tr><tr class="param stripe"><td>Your Prime Membership</td></tr></table><p class="totop"><a href="#summary">back to summary</a></p>
<h3 id="m7">Frame_Building_Blocks.AmazonTestMenu$ClickOnElemenetUsingDataProviderAnnotation#checkSignInXpaths</h3><table class="result"><tr class="param"><th>Parameter #1</th></tr><tr class="param stripe"><td>Sign in</td></tr></table><p class="totop"><a href="#summary">back to summary</a></p>
<h3 id="m8">Frame_Building_Blocks.AmazonTestMenu$ClickOnElemenetUsingDataProviderAnnotation#checkSignInXpaths</h3><table class="result"><tr class="param"><th>Parameter #1</th></tr><tr class="param stripe"><td>Explore Showroom</td></tr></table><p class="totop"><a href="#summary">back to summary</a></p>
<h3 id="m9">Frame_Building_Blocks.AmazonTestMenu$ClickOnElemenetUsingDataProviderAnnotation#checkSignInXpaths</h3><table class="result"><tr class="param"><th>Parameter #1</th></tr><tr class="param stripe"><td>Create a Wish List</td></tr></table><p class="totop"><a href="#summary">back to summary</a></p>
<h3 id="m10">Frame_Building_Blocks.AmazonTestMenu$ClickOnElemenetUsingDataProviderAnnotation#checkSignInXpaths</h3><table class="result"><tr class="param"><th>Parameter #1</th></tr><tr class="param stripe"><td>Memberships &amp; Subscriptions</td></tr></table><p class="totop"><a href="#summary">back to summary</a></p>
<h3 id="m11">Frame_Building_Blocks.AmazonTestMenu$ClickOnElemenetUsingDataProviderAnnotation#checkSignInXpaths</h3><table class="result"><tr class="param"><th>Parameter #1</th></tr><tr class="param stripe"><td>Manage Your Content and Devices</td></tr></table><p class="totop"><a href="#summary">back to summary</a></p>
<h3 id="m12">Frame_Building_Blocks.AmazonTestMenu$ClickOnElemenetUsingDataProviderAnnotation#checkSignInXpaths</h3><table class="result"><tr class="param"><th>Parameter #1</th></tr><tr class="param stripe"><td>Your Account</td></tr></table><p class="totop"><a href="#summary">back to summary</a></p>
<h3 id="m13">Frame_Building_Blocks.AmazonTestMenu$ClickOnElemenetUsingDataProviderAnnotation#checkSignInXpaths</h3><table class="result"><tr class="param"><th>Parameter #1</th></tr><tr class="param stripe"><td>Your Recommendations</td></tr></table><p class="totop"><a href="#summary">back to summary</a></p>
<h3 id="m14">Frame_Building_Blocks.AmazonTestMenu$ClickOnElemenetUsingDataProviderAnnotation#checkSignInXpaths</h3><table class="result"><tr class="param"><th>Parameter #1</th></tr><tr class="param stripe"><td>Register for a free Business Account</td></tr></table><p class="totop"><a href="#summary">back to summary</a></p>
<h3 id="m15">Frame_Building_Blocks.AmazonTestMenu$ClickOnElemenetUsingDataProviderAnnotation#checkSignInXpaths</h3><table class="result"><tr class="param"><th>Parameter #1</th></tr><tr class="param stripe"><td>Baby Wishlist</td></tr></table><p class="totop"><a href="#summary">back to summary</a></p>
<h3 id="m16">Frame_Building_Blocks.AmazonTestMenu$ClickOnElemenetUsingDataProviderAnnotation#checkSignInXpaths</h3><table class="result"><tr class="param"><th>Parameter #1</th></tr><tr class="param stripe"><td>Your Prime Video</td></tr></table><p class="totop"><a href="#summary">back to summary</a></p>
<h3 id="m17">Frame_Building_Blocks.AmazonTestMenu$ClickOnElemenetUsingDataProviderAnnotation#checkSignInXpaths</h3><table class="result"><tr class="param"><th>Parameter #1</th></tr><tr class="param stripe"><td>Your Seller Account</td></tr></table><p class="totop"><a href="#summary">back to summary</a></p>
<h3 id="m18">Frame_Building_Blocks.AmazonTestMenu$ClickOnElemenetUsingDataProviderAnnotation#checkSignInXpaths</h3><table class="result"><tr class="param"><th>Parameter #1</th></tr><tr class="param stripe"><td>Discover Your Style</td></tr></table><p class="totop"><a href="#summary">back to summary</a></p>
<h3 id="m19">Frame_Building_Blocks.AmazonTestMenu$ClickOnElemenetUsingDataProviderAnnotation#checkSignInXpaths</h3><table class="result"><tr class="param"><th>Parameter #1</th></tr><tr class="param stripe"><td>Your Account</td></tr></table><p class="totop"><a href="#summary">back to summary</a></p>
</body>
</html>
